{"ts":1666573402768,"action":"PROJECT_OPENED","tags":{"PROJECT_NAME":"FangraphStatsGUI"}}
{"ts":1666573402908,"action":"FILE_OPENED","file":"/README.md","tags":{"FILE_LINE_OF_CODE":"57"}}
{"ts":1666573404962,"action":"FILE_CLOSED","file":"/README.md","tags":{"FILE_LINE_OF_CODE":"57"}}
{"ts":1666573404962,"action":"FILE_OPENED","file":"/compile_db.py","tags":{"FILE_LINE_OF_CODE":"206"}}
{"ts":1666573410662,"action":"IDE_DEACTIVATED"}
{"ts":1666573414926,"action":"IDE_ACTIVATED"}
{"ts":1666573423655,"action":"IDE_DEACTIVATED"}
{"ts":1666573434537,"action":"IDE_ACTIVATED"}
{"ts":1666573476454,"action":"IDE_DEACTIVATED"}
{"ts":1666573492857,"action":"IDE_ACTIVATED"}
{"ts":1666573535858,"action":"FILE_CLOSED","file":"/compile_db.py","tags":{"FILE_LINE_OF_CODE":"206"}}
{"ts":1666573535858,"action":"FILE_OPENED","file":"/gui.py","tags":{"FILE_LINE_OF_CODE":"0"}}
{"ts":1666573550644,"action":"IDE_DEACTIVATED"}
{"ts":1666573553395,"action":"IDE_ACTIVATED"}
{"ts":1666573605053,"action":"FILE_CLOSED","file":"/gui.py","tags":{"FILE_LINE_OF_CODE":"209"}}
{"ts":1666573605053,"action":"FILE_OPENED","file":"/requirements.txt","tags":{"FILE_LINE_OF_CODE":"20"}}
{"ts":1666573605559,"action":"FILE_CLOSED","file":"/requirements.txt","tags":{"FILE_LINE_OF_CODE":"20"}}
{"ts":1666573605559,"action":"FILE_OPENED","file":"/README.md","tags":{"FILE_LINE_OF_CODE":"57"}}
{"ts":1666573632756,"action":"FILE_CLOSED","file":"/README.md","tags":{"FILE_LINE_OF_CODE":"57"}}
{"ts":1666573632756,"action":"FILE_OPENED","file":"/excel_export.py","tags":{"FILE_LINE_OF_CODE":"34"}}
{"ts":1666573647412,"action":"IDE_DEACTIVATED"}
{"ts":1666573656583,"action":"IDE_ACTIVATED"}
{"ts":1666573658695,"action":"IDE_DEACTIVATED"}
{"ts":1666573665592,"action":"IDE_ACTIVATED"}
{"ts":1666573683989,"action":"IDE_DEACTIVATED"}
{"ts":1666573690654,"action":"IDE_ACTIVATED"}
{"ts":1666573728920,"action":"IDE_DEACTIVATED"}
{"ts":1666573756420,"action":"IDE_ACTIVATED"}
{"ts":1666573786898,"action":"IDE_DEACTIVATED"}
{"ts":1666573803670,"action":"IDE_ACTIVATED"}
{"ts":1666573847069,"action":"IDE_DEACTIVATED"}
{"ts":1666573948719,"action":"IDE_ACTIVATED"}
{"ts":1666573976501,"action":"IDE_DEACTIVATED"}
{"ts":1666573985200,"action":"IDE_ACTIVATED"}
{"ts":1666574011419,"action":"IDE_DEACTIVATED"}
{"ts":1666574137339,"action":"IDE_ACTIVATED"}
{"ts":1666574163165,"action":"IDE_DEACTIVATED"}
{"ts":1666574165214,"action":"IDE_ACTIVATED"}
{"ts":1666574219232,"action":"IDE_DEACTIVATED"}
{"ts":1666574227587,"action":"IDE_ACTIVATED"}
{"ts":1666574283649,"action":"IDE_DEACTIVATED"}
{"ts":1666574295356,"action":"IDE_ACTIVATED"}
{"ts":1666574361166,"action":"IDE_DEACTIVATED"}
{"ts":1666574390050,"action":"IDE_ACTIVATED"}
{"ts":1666575059899,"action":"IDE_DEACTIVATED"}
{"ts":1666575077649,"action":"IDE_ACTIVATED"}
{"ts":1666575097132,"action":"IDE_DEACTIVATED"}
{"ts":1666575132006,"action":"IDE_ACTIVATED"}
{"ts":1666575134208,"action":"IDE_DEACTIVATED"}
{"ts":1666575186967,"action":"IDE_ACTIVATED"}
{"ts":1666575233388,"action":"FILE_CLOSED","file":"/excel_export.py","tags":{"FILE_LINE_OF_CODE":"47"}}
{"ts":1666575233388,"action":"FILE_OPENED","file":"/tables.py","tags":{"FILE_LINE_OF_CODE":"1684"}}
{"ts":1666575250914,"action":"FILE_CLOSED","file":"/tables.py","tags":{"FILE_LINE_OF_CODE":"1684"}}
{"ts":1666575250914,"action":"FILE_OPENED","file":"/database.py","tags":{"FILE_LINE_OF_CODE":"68"}}
{"ts":1666575259397,"action":"IDE_DEACTIVATED"}
{"ts":1666575271466,"action":"IDE_ACTIVATED"}
{"ts":1666575271640,"action":"FILE_CLOSED","file":"/database.py","tags":{"FILE_LINE_OF_CODE":"68"}}
{"ts":1666575271640,"action":"FILE_OPENED","file":"/README.md","tags":{"FILE_LINE_OF_CODE":"57"}}
{"ts":1666575281676,"action":"IDE_DEACTIVATED"}
{"ts":1666575290555,"action":"IDE_ACTIVATED"}
{"ts":1666575291180,"action":"FILE_CLOSED","file":"/README.md","tags":{"FILE_LINE_OF_CODE":"57"}}
{"ts":1666575291180,"action":"FILE_OPENED","file":"/gui.py","tags":{"FILE_LINE_OF_CODE":"209"}}
{"ts":1666575362606,"action":"FILE_CLOSED","file":"/gui.py","tags":{"FILE_LINE_OF_CODE":"208"}}
{"ts":1666575362606,"action":"FILE_OPENED","file":"/excel_export.py","tags":{"FILE_LINE_OF_CODE":"47"}}
{"ts":1666575376530,"action":"FILE_CLOSED","file":"/excel_export.py","tags":{"FILE_LINE_OF_CODE":"47"}}
{"ts":1666575376530,"action":"FILE_OPENED","file":"/compile_db.py","tags":{"FILE_LINE_OF_CODE":"206"}}
{"ts":1666575397442,"action":"FILE_CLOSED","file":"/compile_db.py","tags":{"FILE_LINE_OF_CODE":"206"}}
{"ts":1666575397442,"action":"FILE_OPENED","file":"/tables.py","tags":{"FILE_LINE_OF_CODE":"1684"}}
{"ts":1666575408343,"action":"IDE_DEACTIVATED"}
{"ts":1666575422333,"action":"IDE_ACTIVATED"}
{"ts":1666575423973,"action":"FILE_CLOSED","file":"/tables.py","tags":{"FILE_LINE_OF_CODE":"1684"}}
{"ts":1666575423973,"action":"FILE_OPENED","file":"/stats.py","tags":{"FILE_LINE_OF_CODE":"298"}}
{"ts":1666575473704,"action":"IDE_DEACTIVATED"}
{"ts":1666575484510,"action":"IDE_ACTIVATED"}
{"ts":1666575494583,"action":"FILE_CLOSED","file":"/stats.py","tags":{"FILE_LINE_OF_CODE":"298"}}
{"ts":1666575494583,"action":"FILE_OPENED","file":"/requirements.txt","tags":{"FILE_LINE_OF_CODE":"20"}}
{"ts":1666575495703,"action":"FILE_CLOSED","file":"/requirements.txt","tags":{"FILE_LINE_OF_CODE":"20"}}
{"ts":1666575495703,"action":"FILE_OPENED","file":"/tables.py","tags":{"FILE_LINE_OF_CODE":"1684"}}
{"ts":1666575498779,"action":"FILE_CLOSED","file":"/tables.py","tags":{"FILE_LINE_OF_CODE":"1684"}}
{"ts":1666575498779,"action":"FILE_OPENED","file":"/gui.py","tags":{"FILE_LINE_OF_CODE":"208"}}
{"ts":1666575502705,"action":"FILE_CLOSED","file":"/gui.py","tags":{"FILE_LINE_OF_CODE":"208"}}
{"ts":1666575502705,"action":"FILE_OPENED","file":"/excel_export.py","tags":{"FILE_LINE_OF_CODE":"47"}}
{"ts":1666575512741,"action":"FILE_CLOSED","file":"/excel_export.py","tags":{"FILE_LINE_OF_CODE":"47"}}
{"ts":1666575512741,"action":"FILE_OPENED","file":"/gui.py","tags":{"FILE_LINE_OF_CODE":"208"}}
{"ts":1666575516298,"action":"FILE_CLOSED","file":"/gui.py","tags":{"FILE_LINE_OF_CODE":"208"}}
{"ts":1666575516298,"action":"FILE_OPENED","file":"/excel_export.py","tags":{"FILE_LINE_OF_CODE":"47"}}
{"ts":1666575533556,"action":"FILE_CLOSED","file":"/excel_export.py","tags":{"FILE_LINE_OF_CODE":"47"}}
{"ts":1666575533556,"action":"FILE_OPENED","file":"/database.py","tags":{"FILE_LINE_OF_CODE":"68"}}
{"ts":1666575537263,"action":"FILE_CLOSED","file":"/database.py","tags":{"FILE_LINE_OF_CODE":"68"}}
{"ts":1666575537263,"action":"FILE_OPENED","file":"/compile_db.py","tags":{"FILE_LINE_OF_CODE":"206"}}
{"ts":1666575540629,"action":"FILE_CLOSED","file":"/compile_db.py","tags":{"FILE_LINE_OF_CODE":"206"}}
{"ts":1666575540629,"action":"FILE_OPENED","file":"/tables.py","tags":{"FILE_LINE_OF_CODE":"1684"}}
{"ts":1666575543588,"action":"FILE_CLOSED","file":"/tables.py","tags":{"FILE_LINE_OF_CODE":"1684"}}
{"ts":1666575543588,"action":"FILE_OPENED","file":"/stats.py","tags":{"FILE_LINE_OF_CODE":"298"}}
{"ts":1666575549481,"action":"FILE_CLOSED","file":"/stats.py","tags":{"FILE_LINE_OF_CODE":"298"}}
{"ts":1666575549481,"action":"FILE_OPENED","file":"/requirements.txt","tags":{"FILE_LINE_OF_CODE":"20"}}
{"ts":1666575551021,"action":"FILE_CLOSED","file":"/requirements.txt","tags":{"FILE_LINE_OF_CODE":"20"}}
{"ts":1666575551021,"action":"FILE_OPENED","file":"/README.md","tags":{"FILE_LINE_OF_CODE":"57"}}
{"ts":1666575554363,"action":"FILE_CLOSED","file":"/README.md","tags":{"FILE_LINE_OF_CODE":"57"}}
{"ts":1666575554363,"action":"FILE_OPENED","file":"/gui.py","tags":{"FILE_LINE_OF_CODE":"208"}}
{"ts":1666575567432,"action":"FILE_CLOSED","file":"/gui.py","tags":{"FILE_LINE_OF_CODE":"208"}}
{"ts":1666575567432,"action":"FILE_OPENED","file":"/excel_export.py","tags":{"FILE_LINE_OF_CODE":"47"}}
{"ts":1666575569966,"action":"FILE_CLOSED","file":"/excel_export.py","tags":{"FILE_LINE_OF_CODE":"47"}}
{"ts":1666575569966,"action":"FILE_OPENED","file":"/database.py","tags":{"FILE_LINE_OF_CODE":"68"}}
{"ts":1666575579891,"action":"FILE_CLOSED","file":"/database.py","tags":{"FILE_LINE_OF_CODE":"68"}}
{"ts":1666575579891,"action":"FILE_OPENED","file":"/compile_db.py","tags":{"FILE_LINE_OF_CODE":"206"}}
{"ts":1666575583053,"action":"FILE_CLOSED","file":"/compile_db.py","tags":{"FILE_LINE_OF_CODE":"206"}}
{"ts":1666575583053,"action":"FILE_OPENED","file":"/stats.py","tags":{"FILE_LINE_OF_CODE":"298"}}
{"ts":1666575804127,"action":"FILE_CLOSED","file":"/stats.py","tags":{"FILE_LINE_OF_CODE":"298"}}
{"ts":1666575804127,"action":"FILE_OPENED","file":"/gui.py","tags":{"FILE_LINE_OF_CODE":"208"}}
{"ts":1666575807708,"action":"FILE_CLOSED","file":"/gui.py","tags":{"FILE_LINE_OF_CODE":"208"}}
{"ts":1666575807708,"action":"FILE_OPENED","file":"/excel_export.py","tags":{"FILE_LINE_OF_CODE":"47"}}
{"ts":1666575811504,"action":"FILE_CLOSED","file":"/excel_export.py","tags":{"FILE_LINE_OF_CODE":"47"}}
{"ts":1666575811504,"action":"FILE_OPENED","file":"/database.py","tags":{"FILE_LINE_OF_CODE":"68"}}
{"ts":1666575813022,"action":"FILE_CLOSED","file":"/database.py","tags":{"FILE_LINE_OF_CODE":"68"}}
{"ts":1666575813022,"action":"FILE_OPENED","file":"/excel_export.py","tags":{"FILE_LINE_OF_CODE":"47"}}
{"ts":1666575830188,"action":"FILE_CLOSED","file":"/excel_export.py","tags":{"FILE_LINE_OF_CODE":"45"}}
{"ts":1666575830188,"action":"FILE_OPENED","file":"/gui.py","tags":{"FILE_LINE_OF_CODE":"208"}}
{"ts":1666575831445,"action":"FILE_CLOSED","file":"/gui.py","tags":{"FILE_LINE_OF_CODE":"208"}}
{"ts":1666575831445,"action":"FILE_OPENED","file":"/excel_export.py","tags":{"FILE_LINE_OF_CODE":"45"}}
{"ts":1666575831934,"action":"FILE_CLOSED","file":"/excel_export.py","tags":{"FILE_LINE_OF_CODE":"45"}}
{"ts":1666575831934,"action":"FILE_OPENED","file":"/database.py","tags":{"FILE_LINE_OF_CODE":"68"}}
{"ts":1666575834627,"action":"FILE_CLOSED","file":"/database.py","tags":{"FILE_LINE_OF_CODE":"68"}}
{"ts":1666575834627,"action":"FILE_OPENED","file":"/tables.py","tags":{"FILE_LINE_OF_CODE":"1684"}}
{"ts":1666575836637,"action":"FILE_CLOSED","file":"/tables.py","tags":{"FILE_LINE_OF_CODE":"1684"}}
{"ts":1666575836637,"action":"FILE_OPENED","file":"/stats.py","tags":{"FILE_LINE_OF_CODE":"298"}}
{"ts":1666575849904,"action":"FILE_CLOSED","file":"/stats.py","tags":{"FILE_LINE_OF_CODE":"301"}}
{"ts":1666575849904,"action":"FILE_OPENED","file":"/compile_db.py","tags":{"FILE_LINE_OF_CODE":"206"}}
{"ts":1666575851258,"action":"FILE_CLOSED","file":"/compile_db.py","tags":{"FILE_LINE_OF_CODE":"206"}}
{"ts":1666575851258,"action":"FILE_OPENED","file":"/excel_export.py","tags":{"FILE_LINE_OF_CODE":"45"}}
{"ts":1666575881913,"action":"IDE_DEACTIVATED"}
{"ts":1666575892549,"action":"IDE_ACTIVATED"}
{"ts":1666575895915,"action":"FILE_CLOSED","file":"/excel_export.py","tags":{"FILE_LINE_OF_CODE":"45"}}
{"ts":1666575895915,"action":"FILE_OPENED","file":"/database.py","tags":{"FILE_LINE_OF_CODE":"68"}}
{"ts":1666575912339,"action":"FILE_CLOSED","file":"/database.py","tags":{"FILE_LINE_OF_CODE":"71"}}
{"ts":1666575912339,"action":"FILE_OPENED","file":"/stats.py","tags":{"FILE_LINE_OF_CODE":"301"}}
{"ts":1666575931471,"action":"IDE_DEACTIVATED"}
{"ts":1666575934083,"action":"IDE_ACTIVATED"}
{"ts":1666575940358,"action":"IDE_DEACTIVATED"}
{"ts":1666575949222,"action":"IDE_ACTIVATED"}
{"ts":1666576021217,"action":"IDE_DEACTIVATED"}
{"ts":1666576025672,"action":"IDE_ACTIVATED"}
{"ts":1666576579046,"action":"IDE_DEACTIVATED"}
{"ts":1666576605113,"action":"IDE_ACTIVATED"}
{"ts":1666576611205,"action":"IDE_DEACTIVATED"}
{"ts":1666576616791,"action":"IDE_ACTIVATED"}
{"ts":1666576626062,"action":"IDE_DEACTIVATED"}
{"ts":1666576629854,"action":"IDE_ACTIVATED"}
{"ts":1666576638994,"action":"IDE_DEACTIVATED"}
{"ts":1666576644140,"action":"IDE_ACTIVATED"}
{"ts":1666576655888,"action":"IDE_DEACTIVATED"}
{"ts":1666576666346,"action":"IDE_ACTIVATED"}
{"ts":1666576676804,"action":"IDE_DEACTIVATED"}
{"ts":1666576710334,"action":"IDE_ACTIVATED"}
